<?xml version="1.0" encoding="UTF-8"?>
<!DOCTYPE concept PUBLIC "-//ANTENNA HOUSE//DTD DITA Concept//EN" "concept.dtd">
<concept id="topic_foDescTable">
 <title>XSL-FO description table test</title>
 <conbody>
  <p>Property description table</p>
  <propDescTable option="no">
   <pdName>axf:font-feature-settings</pdName>
   <pdValue><codeph>normal</codeph> | <varname>feature-tag-value</varname>#</pdValue>
   <pdInitial>normal</pdInitial>
   <pdAppliesTo>all elements</pdAppliesTo>
   <pdInherited>yes</pdInherited>
  </propDescTable>
  <p>Element description table</p>
  <elemDescTable>
   <edName><xmlelement>formatter-settings</xmlelement></edName>
   <edProperty><xmlatt>abbreviation-character-count</xmlatt>, <xmlatt>append-non-end-of-line-characters</xmlatt></edProperty>
   <edParent><xmlelement>formatter-config</xmlelement></edParent>
  </elemDescTable>
 </conbody>
</concept>
