<?xml version="1.0" encoding="UTF-8"?>
<?xml-model href="urn:x-antennahouse:dita:rng:ditabase.rng" schematypens="http://relaxng.org/ns/structure/1.0"?>
<?xml-model href="urn:x-antennahouse:dita:rng:ditabase.rng" schematypens="http://purl.oclc.org/dsdl/schematron"?>
<dita>
  <topic id="topic_itd_nzr_qs" xmlns:fo="http://www.w3.org/1999/XSL/Format" fo:prop="font-style:Arial">
    <title fo:prop="font-style:Arial"><br/><cm value="yes"/></title>
    <body xmlns:fo="http://www.w3.org/1999/XSL/Format" fo:prop="font-style:Arial">
      <p xmlns:fo="http://www.w3.org/1999/XSL/Format" fo:prop="font-style:Arial"><br/><cm value="yes"/></p>
      <p xmlns:fo="http://www.w3.org/1999/XSL/Format" fo:prop="font-style:Arial"><br/><cm value="yes"/></p>
    </body>
    <concept id="concept_itd_nzr_qr" fo:prop="font-style:Arial">
      <title fo:prop="font-style:Arial"><br/><cm value="yes"/></title>
    </concept>
    <task id="task_itd_nzr_qt" fo:prop="font-style:Arial">
      <title fo:prop="font-style:Arial"><br/><cm value="yes"/></title>
    </task>    
  </topic>
</dita>
