<?xml version="1.0" encoding="UTF-8"?>
<!DOCTYPE glossgroup PUBLIC "-//ANTENNA HOUSE//DTD DITA Glossary Group//EN" "../doctypes/dtd/technicalContent/dtd/glossgroup.dtd">
<glossgroup id="glossgroup_gkp_zsr_qs" fo:prop="font-family:Arial">
  <title fo:prop="font-family:Arial">Grossgroup specialization example</title>
  <glossentry id="ddl" fo:prop="font-family:Arial">
    <glossterm fo:prop="font-family:Arial" clear="both">glossterm<br/><cm value="yes"/></glossterm>
    <glossdef fo:prop="font-family:Arial">glossdef<br/><cm value="yes"/>
      <floatfig float="none" deliveryDestination="USA CAN">
        <floatfig-group float="left">
          <title>Title of this floating figure</title>
          <image href="http://www.antenna.co.jp/images/test-float-left.jpg"></image>
          <dl>
            <dlentry>
              <dt>1</dt>
              <dd>Description of the figure</dd>
            </dlentry>
          </dl>
        </floatfig-group>
        <floatfig-group float="right">
          <title>Title of this floating figure</title>
          <image href="http://www.antenna.co.jp/images/test-float-right.jpg"></image>
          <dl>
            <dlentry>
              <dt>1</dt>
              <dd>Description of the figure</dd>
            </dlentry>
          </dl>
        </floatfig-group>
      </floatfig>
    </glossdef>
  </glossentry>
  <glossgroup id="glossgroup_gkp_zsr_qt" fo:prop="font-family:Arial">
    <title fo:prop="font-family:Arial"><br/><cm value="yes"/></title>
    <glossentry id="ddm" fo:prop="font-family:Arial">
      <glossterm fo:prop="font-family:Arial">glossterm<br/><cm value="yes"/></glossterm>
      <glossdef  fo:prop="font-family:Arial">glossdef<br/><cm value="yes"/></glossdef>
    </glossentry>
  </glossgroup>
</glossgroup>
