<?xml version="1.0" encoding="UTF-8"?>
<!DOCTYPE reference PUBLIC "-//ANTENNA HOUSE//DTD DITA Reference//EN" "../doctypes/dtd/technicalContent/dtd/reference.dtd">
<reference id="reference_uhz_gdp_ps" fo:prop="font-family:Arial;">
 <title fo:prop="font-family:Arial;" rev="1.1" id="title_aaa" clear="both">Reference specialization example<br/><cm value="yes"/></title>
 <shortdesc fo:prop="font-style:bold;"></shortdesc>
 <refbody fo:prop="font-style:bold;">
  <section>
   <p>Paragraph with<ph><br/><cm value="yes"/></ph></p>
   <table fo:prop="font-family:Arial;">
    <tgroup cols="1" fo:prop="font-family:Arial;">
     <tbody fo:prop="font-family:Arial;">
      <row fo:prop="font-family:Arial;">
       <entry fo:prop="font-family:Arial;" id="entry_aaa" translate="no"></entry>
      </row>
     </tbody>
    </tgroup>
   </table>
   <floatfig float="none">
    <floatfig-group float="left">
     <title>Title of this floating figure</title>
     <image href="http://www.antenna.co.jp/images/test-float-left.jpg"></image>
     <dl>
      <dlentry>
       <dt>1</dt>
       <dd>Description of the figure</dd>
      </dlentry>
     </dl>
    </floatfig-group>
    <floatfig-group float="right">
     <title>Title of this floating figure</title>
     <image href="http://www.antenna.co.jp/images/test-float-right.jpg"></image>
     <dl>
      <dlentry>
       <dt>1</dt>
       <dd>Description of the figure</dd>
      </dlentry>
     </dl>
    </floatfig-group>
   </floatfig>
   <p><synph><var status="changed" fo:prop="font-family:Courier New;">variable:A</var></synph></p>
   <hazardstatement>
    <messagepanel>
     <typeofhazard></typeofhazard>
     <howtoavoid></howtoavoid>
    </messagepanel>
   </hazardstatement>
  </section>
 </refbody>
</reference>
