<?xml version="1.0" encoding="UTF-8"?>
<?xml-model href="urn:x-antennahouse:dita:rng:glossgroup.rng" schematypens="http://relaxng.org/ns/structure/1.0"?>
<?xml-model href="urn:x-antennahouse:dita:rng:glossgroup.rng" schematypens="http://purl.oclc.org/dsdl/schematron"?>
<glossgroup id="glossgroup_gkp_zsr_qs" xmlns:fo="http://www.w3.org/1999/XSL/Format" fo:prop="font-style:Arial">
  <title fo:prop="font-style:Arial">Grossgroup specialization example</title>
  <glossentry id="ddl" fo:prop="font-style:Arial">
    <glossterm fo:prop="font-style:Arial">glossterm<br/><cm value="yes"/></glossterm>
    <glossdef fo:prop="font-style:Arial">glossdef<br/><cm value="yes"/></glossdef>
  </glossentry>
  <glossgroup id="glossgroup_gkp_zsr_qt" fo:prop="font-style:Arial">
    <title fo:prop="font-style:Arial"><br/><cm value="yes"/></title>
    <glossentry id="ddm" fo:prop="font-style:Arial">
      <glossterm fo:prop="font-style:Arial">glossterm<br/><cm value="yes"/></glossterm>
      <glossdef  fo:prop="font-style:Arial">glossdef<br/><cm value="yes"/></glossdef>
    </glossentry>
  </glossgroup>
</glossgroup>
