<?xml version="1.0" encoding="utf-8"?>
<!DOCTYPE glossentry PUBLIC "-//ANTENNA HOUSE//DTD DITA Glossary//EN" "../doctypes/dtd/technicalContent/dtd/glossary.dtd">
<glossentry id="glossentry_xxq_t5k_qs" fo:prop="font-family:Arial">
    <glossterm fo:prop="font-family:Arial" clear="both">glossterm<br/><cm value="yes"/></glossterm>
    <glossdef fo:prop="font-family:Arial">glossdef<br/><cm value="yes"/>
        <floatfig float="none">
            <floatfig-group float="left">
                <title>Title of this floating figure</title>
                <image href="http://www.antenna.co.jp/images/test-float-left.jpg"></image>
                <dl>
                    <dlentry>
                        <dt>1</dt>
                        <dd>Description of the figure</dd>
                    </dlentry>
                </dl>
            </floatfig-group>
            <floatfig-group float="right" deliveryDestination="USA CAN">
                <title>Title of this floating figure</title>
                <image href="http://www.antenna.co.jp/images/test-float-right.jpg"></image>
                <dl>
                    <dlentry>
                        <dt>1</dt>
                        <dd>Description of the figure</dd>
                    </dlentry>
                </dl>
            </floatfig-group>
        </floatfig>
        <hazardstatement>
            <messagepanel>
                <typeofhazard></typeofhazard>
                <howtoavoid></howtoavoid>
            </messagepanel>
        </hazardstatement>
    </glossdef>
    <glossBody  fo:prop="font-family:Arial">
        <glossPartOfSpeech value="noun" fo:prop="font-family:Arial"/>
        <glossStatus fo:prop="font-family:Arial"></glossStatus>
        <glossProperty fo:prop="font-family:Arial"></glossProperty>
        <glossSurfaceForm fo:prop="font-family:Arial"></glossSurfaceForm>
        <glossUsage fo:prop="font-family:Arial"></glossUsage>
        <glossScopeNote fo:prop="font-family:Arial"></glossScopeNote>
        <glossSymbol fo:prop="font-family:Arial"></glossSymbol>
        <glossAlt fo:prop="font-family:Arial"></glossAlt>
    </glossBody>
</glossentry>
