<?xml version="1.0" encoding="UTF-8"?>
<!DOCTYPE topic PUBLIC "-//ANTENNA HOUSE//DTD DITA Topic//EN" "../doctypes/dtd/technicalContent/dtd/topic.dtd">
<topic id="topic_glossaryTable">
 <title>glossaryTable test</title>
 <body>
  <p>Glossary table</p>
  <glossaryTable>
   <gtHead>
    <gtEntryHd>Acronym</gtEntryHd>
    <gtEntryHd>Formal name</gtEntryHd>
    <gtEntryHd>Definition</gtEntryHd>
    <gtEntryHd>Usage</gtEntryHd>
   </gtHead>
   <gtRow>
    <gtEntry><glossAcronym conref="test-dtd-glossentry-abs.xml#glossentry_abs/acronym"/></gtEntry>
    <gtEntry><glossterm conref="test-dtd-glossentry-abs.xml#glossentry_abs/term"/></gtEntry>
    <gtEntry><glossdef conref="test-dtd-glossentry-abs.xml#glossentry_abs/def"/></gtEntry>
    <gtEntry><glossUsage conref="test-dtd-glossentry-abs.xml#glossentry_abs/usage"/></gtEntry>
   </gtRow>
   <gtRow>
    <gtEntry><glossAcronym conref="test-dtd-glossentry-aiss.xml#glossentry_aiss/acronym"/></gtEntry>
    <gtEntry><glossterm conref="test-dtd-glossentry-aiss.xml#glossentry_aiss/term"/></gtEntry>
    <gtEntry><glossdef conref="test-dtd-glossentry-aiss.xml#glossentry_aiss/def"/></gtEntry>
    <gtEntry><glossUsage conref="test-dtd-glossentry-aiss.xml#glossentry_aiss/usage"/></gtEntry>
   </gtRow>
  </glossaryTable>
 </body>
</topic>
