<?xml version="1.0" encoding="UTF-8"?>
<!DOCTYPE topic PUBLIC "-//ANTENNA HOUSE//DTD DITA Topic//EN" "../doctypes/dtd/technicalContent/dtd/topic.dtd">
<topic id="topic_abbrevTable">
 <title>abbrevTable test</title>
 <body>
  <p>Abbreviation table</p>
  <abbrevTable>
   <atHead>
    <atAcronymHd>Acronym</atAcronymHd>
    <atTermHd>Formal name</atTermHd>
   </atHead>
   <atRow>
    <atAcronym><glossAcronym conref="test-dtd-glossentry-abs.xml#glossentry_abs/acronym"/></atAcronym>
    <atTerm><glossterm conref="test-dtd-glossentry-abs.xml#glossentry_abs/term"/></atTerm>
   </atRow>
   <atRow>
    <atAcronym><glossAcronym conref="test-dtd-glossentry-aiss.xml#glossentry_aiss/acronym"/></atAcronym>
    <atTerm><glossterm conref="test-dtd-glossentry-aiss.xml#glossentry_aiss/term"/></atTerm>
   </atRow>
  </abbrevTable>
 </body>
</topic>
