<?xml version="1.0" encoding="UTF-8"?>
<?xml-model href="urn:x-antennahouse:dita:rng:concept.rng" schematypens="http://relaxng.org/ns/structure/1.0"?>
<?xml-model href="urn:x-antennahouse:dita:rng:concept.rng" schematypens="http://purl.oclc.org/dsdl/schematron"?>
<concept id="concept_glossaryTable">
 <title>glossaryTable test</title>
 <conbody>
  <p>Glossary table</p>
  <glossaryTable>
   <gtHead>
    <gtEntryHd>Acronym</gtEntryHd>
    <gtEntryHd>Formal name</gtEntryHd>
    <gtEntryHd>Definition</gtEntryHd>
    <gtEntryHd>Usage</gtEntryHd>
   </gtHead>
   <gtRow>
    <gtEntry><glossAcronym conref="test-rng-glossentry-abs.xml#glossentry_abs/acronym"/></gtEntry>
    <gtEntry><glossterm conref="test-rng-glossentry-abs.xml#glossentry_abs/term"/></gtEntry>
    <gtEntry><glossdef conref="test-rng-glossentry-abs.xml#glossentry_abs/def"/></gtEntry>
    <gtEntry><glossUsage conref="test-rng-glossentry-abs.xml#glossentry_abs/usage"/></gtEntry>
   </gtRow>
   <gtRow>
    <gtEntry><glossAcronym conref="test-rng-glossentry-aiss.xml#glossentry_aiss/acronym"/></gtEntry>
    <gtEntry><glossterm conref="test-rng-glossentry-aiss.xml#glossentry_aiss/term"/></gtEntry>
    <gtEntry><glossdef conref="test-rng-glossentry-aiss.xml#glossentry_aiss/def"/></gtEntry>
    <gtEntry><glossUsage conref="test-rng-glossentry-aiss.xml#glossentry_aiss/usage"/></gtEntry>
   </gtRow>
  </glossaryTable>
 </conbody>
</concept>
