<?xml version="1.0" encoding="UTF-8"?>
<!DOCTYPE reference PUBLIC "-//ANTENNA HOUSE//DTD DITA Reference//EN" "../doctypes/dtd/technicalContent/dtd/reference.dtd">
<reference id="reference_abbrevTable" xml:lang="en-US">
 <title>abbrevTable test</title>
 <refbody>
  <section>
   <title>Abbreviation table</title>
   <abbrevTable>
    <atHead>
     <atAcronymHd>Acronym</atAcronymHd>
     <atTermHd>Formal Name</atTermHd>
    </atHead>
    <atRow>
     <atAcronym><glossAcronym conref="test-dtd-glossentry-abs.xml#glossentry_abs/acronym"/></atAcronym>
     <atTerm><glossterm conref="test-dtd-glossentry-abs.xml#glossentry_abs/term"/></atTerm>
    </atRow>
    <atRow>
     <atAcronym><glossAcronym conref="test-dtd-glossentry-aiss.xml#glossentry_aiss/acronym"/></atAcronym>
     <atTerm><glossterm conref="test-dtd-glossentry-aiss.xml#glossentry_aiss/term"/></atTerm>
    </atRow>
   </abbrevTable>
  </section>
 </refbody>
</reference>
